<?xml version="1.0" encoding="UTF-8"?>
<!-- Generated by org.testng.reporters.JUnitReportReporter -->
<testsuite hostname="DESKTOP-U9QRA71" failures="0" tests="1" name="testcases.TC004_CheckIn_PastDays" time="7.437" errors="0" timestamp="2023-06-26T11:28:08 MYT" skipped="0">
  <testcase classname="testcases.TC004_CheckIn_PastDays" name="checkInPastDays" time="7.437"/>
</testsuite> <!-- testcases.TC004_CheckIn_PastDays -->
