<?xml version="1.0" encoding="UTF-8"?>
<!-- Generated by org.testng.reporters.JUnitReportReporter -->
<testsuite hostname="DESKTOP-U9QRA71" failures="0" tests="1" name="testcases.TC014_Search_ComparisonWithOtherWebsites" time="13.219" errors="0" timestamp="2023-06-25T22:31:41 MYT" skipped="0">
  <testcase classname="testcases.TC014_Search_ComparisonWithOtherWebsites" name="login" time="13.219"/>
</testsuite> <!-- testcases.TC014_Search_ComparisonWithOtherWebsites -->
