<?xml version="1.0" encoding="UTF-8"?>
<!-- Generated by org.testng.reporters.JUnitReportReporter -->
<testsuite hostname="DESKTOP-U9QRA71" failures="0" tests="1" name="testcases.TC005_CheckIn_CheckOut_ValidDays" time="8.660" errors="0" timestamp="2023-06-26T11:28:08 MYT" skipped="0">
  <testcase classname="testcases.TC005_CheckIn_CheckOut_ValidDays" name="checkInCheckOutValidDays" time="8.660"/>
</testsuite> <!-- testcases.TC005_CheckIn_CheckOut_ValidDays -->
