<?xml version="1.0" encoding="UTF-8"?>
<!-- Generated by org.testng.reporters.JUnitReportReporter -->
<testsuite hostname="DESKTOP-U9QRA71" failures="0" tests="1" name="utilities.ReadTestData" time="1.294" errors="0" timestamp="2023-06-24T00:27:16 MYT" skipped="0">
  <testcase classname="utilities.ReadTestData" name="getData" time="1.294"/>
</testsuite> <!-- utilities.ReadTestData -->
