<?xml version="1.0" encoding="UTF-8"?>
<!-- Generated by org.testng.reporters.JUnitReportReporter -->
<testsuite hostname="DESKTOP-U9QRA71" failures="0" tests="1" name="testcases.TC005_CheckIn_CheckOut_SameDay" time="3.510" errors="0" timestamp="2023-06-25T13:05:01 MYT" skipped="0">
  <testcase classname="testcases.TC005_CheckIn_CheckOut_SameDay" name="checkInCheckOutSameDay" time="3.510"/>
</testsuite> <!-- testcases.TC005_CheckIn_CheckOut_SameDay -->
