<?xml version="1.0" encoding="UTF-8"?>
<!-- Generated by org.testng.reporters.JUnitReportReporter -->
<testsuite hostname="DESKTOP-U9QRA71" failures="0" tests="1" name="testcases.TC013_Search_WithFreeCancellation" time="4.719" errors="0" timestamp="2023-06-25T22:34:57 MYT" skipped="0">
  <testcase classname="testcases.TC013_Search_WithFreeCancellation" name="login" time="4.719"/>
</testsuite> <!-- testcases.TC013_Search_WithFreeCancellation -->
