<?xml version="1.0" encoding="UTF-8"?>
<!-- Generated by org.testng.reporters.JUnitReportReporter -->
<testsuite hostname="DESKTOP-U9QRA71" failures="0" tests="1" name="testcases.TC001_Hotels_Navigate_To_Hotel_Search" time="7.317" errors="0" timestamp="2023-06-26T11:28:08 MYT" skipped="0">
  <testcase classname="testcases.TC001_Hotels_Navigate_To_Hotel_Search" name="navigateToHotelSearch" time="7.317"/>
</testsuite> <!-- testcases.TC001_Hotels_Navigate_To_Hotel_Search -->
