<?xml version="1.0" encoding="UTF-8"?>
<!-- Generated by org.testng.reporters.JUnitReportReporter -->
<testsuite hostname="DESKTOP-U9QRA71" failures="0" tests="1" name="testcases.TC011_GuestsAndRooms_Add_Delete_Rooms" time="11.288" errors="0" timestamp="2023-06-26T11:28:08 MYT" skipped="0">
  <testcase classname="testcases.TC011_GuestsAndRooms_Add_Delete_Rooms" name="addDeleteGuestsAndRooms" time="11.288"/>
</testsuite> <!-- testcases.TC011_GuestsAndRooms_Add_Delete_Rooms -->
