<?xml version="1.0" encoding="UTF-8"?>
<!-- Generated by org.testng.reporters.JUnitReportReporter -->
<testsuite hostname="DESKTOP-U9QRA71" failures="0" tests="1" name="testcases.TC012_Search_WithFreeCancellation" time="10.305" errors="0" timestamp="2023-06-26T00:28:42 MYT" skipped="0">
  <testcase classname="testcases.TC012_Search_WithFreeCancellation" name="login" time="10.305"/>
</testsuite> <!-- testcases.TC012_Search_WithFreeCancellation -->
