<?xml version="1.0" encoding="UTF-8"?>
<!-- Generated by org.testng.reporters.JUnitReportReporter -->
<testsuite hostname="DESKTOP-U9QRA71" failures="0" tests="1" name="testcases.TC015_Search_ComparisonWithOutOtherWebsites2" time="4.678" errors="0" timestamp="2023-06-25T22:32:17 MYT" skipped="0">
  <testcase classname="testcases.TC015_Search_ComparisonWithOutOtherWebsites2" name="login" time="4.678"/>
</testsuite> <!-- testcases.TC015_Search_ComparisonWithOutOtherWebsites2 -->
