<?xml version="1.0" encoding="UTF-8"?>
<!-- Generated by org.testng.reporters.JUnitReportReporter -->
<testsuite hostname="DESKTOP-U9QRA71" failures="0" tests="1" name="testcases.TestCase1" time="7.523" errors="0" timestamp="2023-06-23T20:25:44 MYT" skipped="0">
  <testcase classname="testcases.TestCase1" name="login" time="7.523"/>
</testsuite> <!-- testcases.TestCase1 -->
