<?xml version="1.0" encoding="UTF-8"?>
<!-- Generated by org.testng.reporters.JUnitReportReporter -->
<testsuite hostname="DESKTOP-U9QRA71" failures="0" tests="1" name="testcases.TC003_CheckIn_PastDays" time="2.927" errors="0" timestamp="2023-06-25T12:56:08 MYT" skipped="0">
  <testcase classname="testcases.TC003_CheckIn_PastDays" name="checkInPastDays" time="2.927"/>
</testsuite> <!-- testcases.TC003_CheckIn_PastDays -->
