<?xml version="1.0" encoding="UTF-8"?>
<!-- Generated by org.testng.reporters.JUnitReportReporter -->
<testsuite hostname="DESKTOP-U9QRA71" failures="0" tests="1" name="testcases.TC002_Destination_WithSpecificCity" time="8.041" errors="0" timestamp="2023-06-26T11:28:08 MYT" skipped="0">
  <testcase classname="testcases.TC002_Destination_WithSpecificCity" name="destinationWithSpecificCity" time="8.041"/>
</testsuite> <!-- testcases.TC002_Destination_WithSpecificCity -->
