<?xml version="1.0" encoding="UTF-8"?>
<!-- Generated by org.testng.reporters.JUnitReportReporter -->
<testsuite hostname="DESKTOP-U9QRA71" failures="0" tests="1" name="testcases.TC015_Search_All_Input_Values" time="17.277" errors="0" timestamp="2023-06-26T11:28:08 MYT" skipped="0">
  <testcase classname="testcases.TC015_Search_All_Input_Values" name="searchWith_Empty_Destination_CheckIn_CheckOut" time="17.277"/>
</testsuite> <!-- testcases.TC015_Search_All_Input_Values -->
