<?xml version="1.0" encoding="UTF-8"?>
<!-- Generated by org.testng.reporters.JUnitReportReporter -->
<testsuite hostname="DESKTOP-U9QRA71" failures="0" tests="1" name="testcases.TC007_CheckOut_LessThan_CheckIn_Date" time="13.818" errors="0" timestamp="2023-06-26T11:28:08 MYT" skipped="0">
  <testcase classname="testcases.TC007_CheckOut_LessThan_CheckIn_Date" name="checkOutLessThanCheckIn" time="13.818"/>
</testsuite> <!-- testcases.TC007_CheckOut_LessThan_CheckIn_Date -->
