<?xml version="1.0" encoding="UTF-8"?>
<!-- Generated by org.testng.reporters.JUnitReportReporter -->
<testsuite hostname="DESKTOP-U9QRA71" failures="0" tests="1" name="testcases.TC002_Destination_WithPopularCity" time="2.240" errors="0" timestamp="2023-06-25T09:40:52 MYT" skipped="0">
  <testcase classname="testcases.TC002_Destination_WithPopularCity" name="destinationWithSpecificCity" time="2.240"/>
</testsuite> <!-- testcases.TC002_Destination_WithPopularCity -->
