<?xml version="1.0" encoding="UTF-8"?>
<!-- Generated by org.testng.reporters.JUnitReportReporter -->
<testsuite hostname="DESKTOP-U9QRA71" failures="0" tests="1" name="testcases.TC008_GuestAndRooms_Max40Guests_1Room" time="39.490" errors="0" timestamp="2023-06-25T19:16:47 MYT" skipped="0">
  <testcase classname="testcases.TC008_GuestAndRooms_Max40Guests_1Room" name="guestsAndRoomsMax40Guests1Room" time="39.490"/>
</testsuite> <!-- testcases.TC008_GuestAndRooms_Max40Guests_1Room -->
