<?xml version="1.0" encoding="UTF-8"?>
<!-- Generated by org.testng.reporters.JUnitReportReporter -->
<testsuite hostname="DESKTOP-U9QRA71" failures="0" tests="1" name="testcases.TC004_CheckIn_CheckOut_ValidDays" time="3.447" errors="0" timestamp="2023-06-25T11:51:08 MYT" skipped="0">
  <testcase classname="testcases.TC004_CheckIn_CheckOut_ValidDays" name="checkInCheckOutValidDays" time="3.447"/>
</testsuite> <!-- testcases.TC004_CheckIn_CheckOut_ValidDays -->
