<?xml version="1.0" encoding="UTF-8"?>
<!-- Generated by org.testng.reporters.JUnitReportReporter -->
<testsuite hostname="DESKTOP-U9QRA71" failures="0" tests="1" name="testcases.TC009_GuestsAndRooms_Max40Guests_Max10Rooms" time="18.423" errors="0" timestamp="2023-06-26T11:28:08 MYT" skipped="0">
  <testcase classname="testcases.TC009_GuestsAndRooms_Max40Guests_Max10Rooms" name="guestsAndRoomsMax40Guests10Rooms" time="18.423"/>
</testsuite> <!-- testcases.TC009_GuestsAndRooms_Max40Guests_Max10Rooms -->
