<?xml version="1.0" encoding="UTF-8"?>
<!-- Generated by org.testng.reporters.JUnitReportReporter -->
<testsuite hostname="DESKTOP-U9QRA71" failures="0" tests="1" name="testcases.TC005_CheckIn_CheckOut_ValidDays" time="9.971" errors="0" timestamp="2023-06-26T00:28:42 MYT" skipped="0">
  <testcase classname="testcases.TC005_CheckIn_CheckOut_ValidDays" name="checkInCheckOutValidDays" time="9.971"/>
</testsuite> <!-- testcases.TC005_CheckIn_CheckOut_ValidDays -->
