<?xml version="1.0" encoding="UTF-8"?>
<!-- Generated by org.testng.reporters.JUnitReportReporter -->
<testsuite hostname="DESKTOP-U9QRA71" failures="0" tests="1" name="testcases.TC001_Destination_WithSpecificCity" time="2.284" errors="0" timestamp="2023-06-25T09:35:47 MYT" skipped="0">
  <testcase classname="testcases.TC001_Destination_WithSpecificCity" name="destinationWithSpecificCity" time="2.284"/>
</testsuite> <!-- testcases.TC001_Destination_WithSpecificCity -->
